  main.cpp
E:\Study\학교 수업\그래픽스\BhProject 그래픽스\BhProject\main.cpp(41,1): warning C4305:  '초기화 중': 'double'에서 'GLfloat'(으)로 잘립니다.
E:\Study\학교 수업\그래픽스\BhProject 그래픽스\BhProject\main.cpp(77,25): warning C4305:  '인수': 'double'에서 'GLfloat'(으)로 잘립니다.
E:\Study\학교 수업\그래픽스\BhProject 그래픽스\BhProject\main.cpp(83,21): warning C4244:  '인수': 'int'에서 'GLfloat'(으)로 변환하면서 데이터가 손실될 수 있습니다.
E:\Study\학교 수업\그래픽스\BhProject 그래픽스\BhProject\main.cpp(83,18): warning C4244:  '인수': 'int'에서 'GLfloat'(으)로 변환하면서 데이터가 손실될 수 있습니다.
E:\Study\학교 수업\그래픽스\BhProject 그래픽스\BhProject\main.cpp(83,15): warning C4244:  '인수': 'int'에서 'GLfloat'(으)로 변환하면서 데이터가 손실될 수 있습니다.
E:\Study\학교 수업\그래픽스\BhProject 그래픽스\BhProject\main.cpp(83,12): warning C4244:  '인수': 'int'에서 'GLfloat'(으)로 변환하면서 데이터가 손실될 수 있습니다.
E:\Study\학교 수업\그래픽스\BhProject 그래픽스\BhProject\main.cpp(98,29): warning C4305:  '인수': 'double'에서 'GLfloat'(으)로 잘립니다.
E:\Study\학교 수업\그래픽스\BhProject 그래픽스\BhProject\main.cpp(99,21): warning C4244:  '인수': 'int'에서 'GLfloat'(으)로 변환하면서 데이터가 손실될 수 있습니다.
E:\Study\학교 수업\그래픽스\BhProject 그래픽스\BhProject\main.cpp(99,18): warning C4244:  '인수': 'int'에서 'GLfloat'(으)로 변환하면서 데이터가 손실될 수 있습니다.
E:\Study\학교 수업\그래픽스\BhProject 그래픽스\BhProject\main.cpp(99,15): warning C4244:  '인수': 'int'에서 'GLfloat'(으)로 변환하면서 데이터가 손실될 수 있습니다.
E:\Study\학교 수업\그래픽스\BhProject 그래픽스\BhProject\main.cpp(99,12): warning C4244:  '인수': 'int'에서 'GLfloat'(으)로 변환하면서 데이터가 손실될 수 있습니다.
E:\Study\학교 수업\그래픽스\BhProject 그래픽스\BhProject\main.cpp(112,21): warning C4244:  '인수': 'int'에서 'GLfloat'(으)로 변환하면서 데이터가 손실될 수 있습니다.
E:\Study\학교 수업\그래픽스\BhProject 그래픽스\BhProject\main.cpp(112,18): warning C4244:  '인수': 'int'에서 'GLfloat'(으)로 변환하면서 데이터가 손실될 수 있습니다.
E:\Study\학교 수업\그래픽스\BhProject 그래픽스\BhProject\main.cpp(112,15): warning C4244:  '인수': 'int'에서 'GLfloat'(으)로 변환하면서 데이터가 손실될 수 있습니다.
E:\Study\학교 수업\그래픽스\BhProject 그래픽스\BhProject\main.cpp(112,12): warning C4244:  '인수': 'int'에서 'GLfloat'(으)로 변환하면서 데이터가 손실될 수 있습니다.
E:\Study\학교 수업\그래픽스\BhProject 그래픽스\BhProject\main.cpp(127,29): warning C4305:  '인수': 'double'에서 'GLfloat'(으)로 잘립니다.
E:\Study\학교 수업\그래픽스\BhProject 그래픽스\BhProject\main.cpp(128,21): warning C4244:  '인수': 'int'에서 'GLfloat'(으)로 변환하면서 데이터가 손실될 수 있습니다.
E:\Study\학교 수업\그래픽스\BhProject 그래픽스\BhProject\main.cpp(128,18): warning C4244:  '인수': 'int'에서 'GLfloat'(으)로 변환하면서 데이터가 손실될 수 있습니다.
E:\Study\학교 수업\그래픽스\BhProject 그래픽스\BhProject\main.cpp(128,15): warning C4244:  '인수': 'int'에서 'GLfloat'(으)로 변환하면서 데이터가 손실될 수 있습니다.
E:\Study\학교 수업\그래픽스\BhProject 그래픽스\BhProject\main.cpp(128,12): warning C4244:  '인수': 'int'에서 'GLfloat'(으)로 변환하면서 데이터가 손실될 수 있습니다.
E:\Study\학교 수업\그래픽스\BhProject 그래픽스\BhProject\main.cpp(142,21): warning C4244:  '인수': 'int'에서 'GLfloat'(으)로 변환하면서 데이터가 손실될 수 있습니다.
E:\Study\학교 수업\그래픽스\BhProject 그래픽스\BhProject\main.cpp(142,18): warning C4244:  '인수': 'int'에서 'GLfloat'(으)로 변환하면서 데이터가 손실될 수 있습니다.
E:\Study\학교 수업\그래픽스\BhProject 그래픽스\BhProject\main.cpp(142,15): warning C4244:  '인수': 'int'에서 'GLfloat'(으)로 변환하면서 데이터가 손실될 수 있습니다.
E:\Study\학교 수업\그래픽스\BhProject 그래픽스\BhProject\main.cpp(142,12): warning C4244:  '인수': 'int'에서 'GLfloat'(으)로 변환하면서 데이터가 손실될 수 있습니다.
E:\Study\학교 수업\그래픽스\BhProject 그래픽스\BhProject\main.cpp(155,29): warning C4305:  '인수': 'double'에서 'GLfloat'(으)로 잘립니다.
E:\Study\학교 수업\그래픽스\BhProject 그래픽스\BhProject\main.cpp(156,21): warning C4244:  '인수': 'int'에서 'GLfloat'(으)로 변환하면서 데이터가 손실될 수 있습니다.
E:\Study\학교 수업\그래픽스\BhProject 그래픽스\BhProject\main.cpp(156,18): warning C4244:  '인수': 'int'에서 'GLfloat'(으)로 변환하면서 데이터가 손실될 수 있습니다.
E:\Study\학교 수업\그래픽스\BhProject 그래픽스\BhProject\main.cpp(156,15): warning C4244:  '인수': 'int'에서 'GLfloat'(으)로 변환하면서 데이터가 손실될 수 있습니다.
E:\Study\학교 수업\그래픽스\BhProject 그래픽스\BhProject\main.cpp(156,12): warning C4244:  '인수': 'int'에서 'GLfloat'(으)로 변환하면서 데이터가 손실될 수 있습니다.
E:\Study\학교 수업\그래픽스\BhProject 그래픽스\BhProject\main.cpp(168,29): warning C4305:  '인수': 'double'에서 'GLfloat'(으)로 잘립니다.
E:\Study\학교 수업\그래픽스\BhProject 그래픽스\BhProject\main.cpp(169,21): warning C4244:  '인수': 'int'에서 'GLfloat'(으)로 변환하면서 데이터가 손실될 수 있습니다.
E:\Study\학교 수업\그래픽스\BhProject 그래픽스\BhProject\main.cpp(169,18): warning C4244:  '인수': 'int'에서 'GLfloat'(으)로 변환하면서 데이터가 손실될 수 있습니다.
E:\Study\학교 수업\그래픽스\BhProject 그래픽스\BhProject\main.cpp(169,15): warning C4244:  '인수': 'int'에서 'GLfloat'(으)로 변환하면서 데이터가 손실될 수 있습니다.
E:\Study\학교 수업\그래픽스\BhProject 그래픽스\BhProject\main.cpp(169,12): warning C4244:  '인수': 'int'에서 'GLfloat'(으)로 변환하면서 데이터가 손실될 수 있습니다.
E:\Study\학교 수업\그래픽스\BhProject 그래픽스\BhProject\main.cpp(182,30): warning C4305:  '인수': 'double'에서 'GLfloat'(으)로 잘립니다.
E:\Study\학교 수업\그래픽스\BhProject 그래픽스\BhProject\main.cpp(183,21): warning C4244:  '인수': 'int'에서 'GLfloat'(으)로 변환하면서 데이터가 손실될 수 있습니다.
E:\Study\학교 수업\그래픽스\BhProject 그래픽스\BhProject\main.cpp(183,18): warning C4244:  '인수': 'int'에서 'GLfloat'(으)로 변환하면서 데이터가 손실될 수 있습니다.
E:\Study\학교 수업\그래픽스\BhProject 그래픽스\BhProject\main.cpp(183,15): warning C4244:  '인수': 'int'에서 'GLfloat'(으)로 변환하면서 데이터가 손실될 수 있습니다.
E:\Study\학교 수업\그래픽스\BhProject 그래픽스\BhProject\main.cpp(183,12): warning C4244:  '인수': 'int'에서 'GLfloat'(으)로 변환하면서 데이터가 손실될 수 있습니다.
E:\Study\학교 수업\그래픽스\BhProject 그래픽스\BhProject\main.cpp(196,29): warning C4305:  '인수': 'double'에서 'GLfloat'(으)로 잘립니다.
E:\Study\학교 수업\그래픽스\BhProject 그래픽스\BhProject\main.cpp(197,21): warning C4244:  '인수': 'int'에서 'GLfloat'(으)로 변환하면서 데이터가 손실될 수 있습니다.
E:\Study\학교 수업\그래픽스\BhProject 그래픽스\BhProject\main.cpp(197,18): warning C4244:  '인수': 'int'에서 'GLfloat'(으)로 변환하면서 데이터가 손실될 수 있습니다.
E:\Study\학교 수업\그래픽스\BhProject 그래픽스\BhProject\main.cpp(197,15): warning C4244:  '인수': 'int'에서 'GLfloat'(으)로 변환하면서 데이터가 손실될 수 있습니다.
E:\Study\학교 수업\그래픽스\BhProject 그래픽스\BhProject\main.cpp(197,12): warning C4244:  '인수': 'int'에서 'GLfloat'(으)로 변환하면서 데이터가 손실될 수 있습니다.
E:\Study\학교 수업\그래픽스\BhProject 그래픽스\BhProject\main.cpp(267,27): warning C4305:  '인수': 'double'에서 'GLfloat'(으)로 잘립니다.
E:\Study\학교 수업\그래픽스\BhProject 그래픽스\BhProject\main.cpp(268,19): warning C4244:  '인수': 'double'에서 'GLfloat'(으)로 변환하면서 데이터가 손실될 수 있습니다.
E:\Study\학교 수업\그래픽스\BhProject 그래픽스\BhProject\main.cpp(272,12): warning C4244:  '인수': 'double'에서 'GLfloat'(으)로 변환하면서 데이터가 손실될 수 있습니다.
E:\Study\학교 수업\그래픽스\BhProject 그래픽스\BhProject\main.cpp(273,50): warning C4244:  '인수': 'double'에서 'GLfloat'(으)로 변환하면서 데이터가 손실될 수 있습니다.
E:\Study\학교 수업\그래픽스\BhProject 그래픽스\BhProject\main.cpp(273,33): warning C4244:  '인수': 'double'에서 'GLfloat'(으)로 변환하면서 데이터가 손실될 수 있습니다.
E:\Study\학교 수업\그래픽스\BhProject 그래픽스\BhProject\main.cpp(273,16): warning C4244:  '인수': 'double'에서 'GLfloat'(으)로 변환하면서 데이터가 손실될 수 있습니다.
E:\Study\학교 수업\그래픽스\BhProject 그래픽스\BhProject\main.cpp(282,26): warning C4305:  '인수': 'double'에서 'GLfloat'(으)로 잘립니다.
E:\Study\학교 수업\그래픽스\BhProject 그래픽스\BhProject\main.cpp(289,25): warning C4305:  '인수': 'double'에서 'GLfloat'(으)로 잘립니다.
E:\Study\학교 수업\그래픽스\BhProject 그래픽스\BhProject\main.cpp(300,12): warning C4244:  '인수': 'double'에서 'GLfloat'(으)로 변환하면서 데이터가 손실될 수 있습니다.
E:\Study\학교 수업\그래픽스\BhProject 그래픽스\BhProject\main.cpp(301,50): warning C4244:  '인수': 'double'에서 'GLfloat'(으)로 변환하면서 데이터가 손실될 수 있습니다.
E:\Study\학교 수업\그래픽스\BhProject 그래픽스\BhProject\main.cpp(301,33): warning C4244:  '인수': 'double'에서 'GLfloat'(으)로 변환하면서 데이터가 손실될 수 있습니다.
E:\Study\학교 수업\그래픽스\BhProject 그래픽스\BhProject\main.cpp(301,16): warning C4244:  '인수': 'double'에서 'GLfloat'(으)로 변환하면서 데이터가 손실될 수 있습니다.
E:\Study\학교 수업\그래픽스\BhProject 그래픽스\BhProject\main.cpp(328,26): warning C4305:  '인수': 'double'에서 'GLfloat'(으)로 잘립니다.
E:\Study\학교 수업\그래픽스\BhProject 그래픽스\BhProject\main.cpp(336,28): warning C4305:  '인수': 'double'에서 'GLfloat'(으)로 잘립니다.
E:\Study\학교 수업\그래픽스\BhProject 그래픽스\BhProject\main.cpp(344,25): warning C4305:  '인수': 'double'에서 'GLfloat'(으)로 잘립니다.
E:\Study\학교 수업\그래픽스\BhProject 그래픽스\BhProject\main.cpp(351,25): warning C4305:  '인수': 'double'에서 'GLfloat'(으)로 잘립니다.
E:\Study\학교 수업\그래픽스\BhProject 그래픽스\BhProject\main.cpp(358,25): warning C4305:  '인수': 'double'에서 'GLfloat'(으)로 잘립니다.
E:\Study\학교 수업\그래픽스\BhProject 그래픽스\BhProject\main.cpp(367,26): warning C4305:  '인수': 'double'에서 'GLfloat'(으)로 잘립니다.
E:\Study\학교 수업\그래픽스\BhProject 그래픽스\BhProject\main.cpp(370,31): warning C4305:  '인수': 'double'에서 'GLfloat'(으)로 잘립니다.
E:\Study\학교 수업\그래픽스\BhProject 그래픽스\BhProject\main.cpp(378,25): warning C4305:  '인수': 'double'에서 'GLfloat'(으)로 잘립니다.
E:\Study\학교 수업\그래픽스\BhProject 그래픽스\BhProject\main.cpp(381,32): warning C4305:  '인수': 'double'에서 'GLfloat'(으)로 잘립니다.
E:\Study\학교 수업\그래픽스\BhProject 그래픽스\BhProject\main.cpp(398,58): warning C4244:  '인수': 'double'에서 'GLfloat'(으)로 변환하면서 데이터가 손실될 수 있습니다.
E:\Study\학교 수업\그래픽스\BhProject 그래픽스\BhProject\main.cpp(398,38): warning C4244:  '인수': 'double'에서 'GLfloat'(으)로 변환하면서 데이터가 손실될 수 있습니다.
E:\Study\학교 수업\그래픽스\BhProject 그래픽스\BhProject\main.cpp(398,17): warning C4244:  '인수': 'double'에서 'GLfloat'(으)로 변환하면서 데이터가 손실될 수 있습니다.
E:\Study\학교 수업\그래픽스\BhProject 그래픽스\BhProject\main.cpp(399,18): warning C4244:  '인수': 'double'에서 'GLfloat'(으)로 변환하면서 데이터가 손실될 수 있습니다.
E:\Study\학교 수업\그래픽스\BhProject 그래픽스\BhProject\main.cpp(400,25): warning C4244:  '인수': 'double'에서 'GLfloat'(으)로 변환하면서 데이터가 손실될 수 있습니다.
E:\Study\학교 수업\그래픽스\BhProject 그래픽스\BhProject\main.cpp(400,18): warning C4244:  '인수': 'double'에서 'GLfloat'(으)로 변환하면서 데이터가 손실될 수 있습니다.
E:\Study\학교 수업\그래픽스\BhProject 그래픽스\BhProject\main.cpp(400,13): warning C4244:  '인수': 'double'에서 'GLfloat'(으)로 변환하면서 데이터가 손실될 수 있습니다.
E:\Study\학교 수업\그래픽스\BhProject 그래픽스\BhProject\main.cpp(401,18): warning C4244:  '인수': 'double'에서 'GLfloat'(으)로 변환하면서 데이터가 손실될 수 있습니다.
E:\Study\학교 수업\그래픽스\BhProject 그래픽스\BhProject\main.cpp(402,25): warning C4244:  '인수': 'double'에서 'GLfloat'(으)로 변환하면서 데이터가 손실될 수 있습니다.
E:\Study\학교 수업\그래픽스\BhProject 그래픽스\BhProject\main.cpp(402,18): warning C4244:  '인수': 'double'에서 'GLfloat'(으)로 변환하면서 데이터가 손실될 수 있습니다.
E:\Study\학교 수업\그래픽스\BhProject 그래픽스\BhProject\main.cpp(402,13): warning C4244:  '인수': 'double'에서 'GLfloat'(으)로 변환하면서 데이터가 손실될 수 있습니다.
E:\Study\학교 수업\그래픽스\BhProject 그래픽스\BhProject\main.cpp(403,17): warning C4244:  '인수': 'double'에서 'GLfloat'(으)로 변환하면서 데이터가 손실될 수 있습니다.
E:\Study\학교 수업\그래픽스\BhProject 그래픽스\BhProject\main.cpp(404,58): warning C4244:  '인수': 'double'에서 'GLfloat'(으)로 변환하면서 데이터가 손실될 수 있습니다.
E:\Study\학교 수업\그래픽스\BhProject 그래픽스\BhProject\main.cpp(404,38): warning C4244:  '인수': 'double'에서 'GLfloat'(으)로 변환하면서 데이터가 손실될 수 있습니다.
E:\Study\학교 수업\그래픽스\BhProject 그래픽스\BhProject\main.cpp(404,17): warning C4244:  '인수': 'double'에서 'GLfloat'(으)로 변환하면서 데이터가 손실될 수 있습니다.
E:\Study\학교 수업\그래픽스\BhProject 그래픽스\BhProject\main.cpp(405,17): warning C4244:  '인수': 'double'에서 'GLfloat'(으)로 변환하면서 데이터가 손실될 수 있습니다.
E:\Study\학교 수업\그래픽스\BhProject 그래픽스\BhProject\main.cpp(446,27): warning C4244:  '인수': 'double'에서 'GLfloat'(으)로 변환하면서 데이터가 손실될 수 있습니다.
E:\Study\학교 수업\그래픽스\BhProject 그래픽스\BhProject\main.cpp(452,28): warning C4305:  '인수': 'double'에서 'GLfloat'(으)로 잘립니다.
E:\Study\학교 수업\그래픽스\BhProject 그래픽스\BhProject\main.cpp(463,29): warning C4305:  '인수': 'double'에서 'GLfloat'(으)로 잘립니다.
E:\Study\학교 수업\그래픽스\BhProject 그래픽스\BhProject\main.cpp(471,32): warning C4305:  '인수': 'double'에서 'GLfloat'(으)로 잘립니다.
E:\Study\학교 수업\그래픽스\BhProject 그래픽스\BhProject\main.cpp(479,31): warning C4305:  '인수': 'double'에서 'GLfloat'(으)로 잘립니다.
E:\Study\학교 수업\그래픽스\BhProject 그래픽스\BhProject\main.cpp(486,30): warning C4305:  '인수': 'double'에서 'GLfloat'(으)로 잘립니다.
E:\Study\학교 수업\그래픽스\BhProject 그래픽스\BhProject\main.cpp(494,29): warning C4305:  '인수': 'double'에서 'GLfloat'(으)로 잘립니다.
E:\Study\학교 수업\그래픽스\BhProject 그래픽스\BhProject\main.cpp(507,13): warning C4244:  '인수': 'GLfloat'에서 'int'(으)로 변환하면서 데이터가 손실될 수 있습니다.
E:\Study\학교 수업\그래픽스\BhProject 그래픽스\BhProject\main.cpp(508,13): warning C4244:  '인수': 'GLfloat'에서 'int'(으)로 변환하면서 데이터가 손실될 수 있습니다.
E:\Study\학교 수업\그래픽스\BhProject 그래픽스\BhProject\main.cpp(509,13): warning C4244:  '인수': 'GLfloat'에서 'int'(으)로 변환하면서 데이터가 손실될 수 있습니다.
E:\Study\학교 수업\그래픽스\BhProject 그래픽스\BhProject\main.cpp(510,13): warning C4244:  '인수': 'GLfloat'에서 'int'(으)로 변환하면서 데이터가 손실될 수 있습니다.
E:\Study\학교 수업\그래픽스\BhProject 그래픽스\BhProject\main.cpp(511,12): warning C4244:  '인수': 'GLfloat'에서 'int'(으)로 변환하면서 데이터가 손실될 수 있습니다.
E:\Study\학교 수업\그래픽스\BhProject 그래픽스\BhProject\main.cpp(512,13): warning C4244:  '인수': 'GLfloat'에서 'int'(으)로 변환하면서 데이터가 손실될 수 있습니다.
E:\Study\학교 수업\그래픽스\BhProject 그래픽스\BhProject\main.cpp(513,12): warning C4244:  '인수': 'GLfloat'에서 'int'(으)로 변환하면서 데이터가 손실될 수 있습니다.
E:\Study\학교 수업\그래픽스\BhProject 그래픽스\BhProject\main.cpp(514,13): warning C4244:  '인수': 'GLfloat'에서 'int'(으)로 변환하면서 데이터가 손실될 수 있습니다.
E:\Study\학교 수업\그래픽스\BhProject 그래픽스\BhProject\main.cpp(542,13): warning C4244:  '인수': 'GLfloat'에서 'int'(으)로 변환하면서 데이터가 손실될 수 있습니다.
E:\Study\학교 수업\그래픽스\BhProject 그래픽스\BhProject\main.cpp(543,13): warning C4244:  '인수': 'GLfloat'에서 'int'(으)로 변환하면서 데이터가 손실될 수 있습니다.
E:\Study\학교 수업\그래픽스\BhProject 그래픽스\BhProject\main.cpp(544,13): warning C4244:  '인수': 'GLfloat'에서 'int'(으)로 변환하면서 데이터가 손실될 수 있습니다.
E:\Study\학교 수업\그래픽스\BhProject 그래픽스\BhProject\main.cpp(545,13): warning C4244:  '인수': 'GLfloat'에서 'int'(으)로 변환하면서 데이터가 손실될 수 있습니다.
E:\Study\학교 수업\그래픽스\BhProject 그래픽스\BhProject\main.cpp(547,12): warning C4244:  '인수': 'GLfloat'에서 'int'(으)로 변환하면서 데이터가 손실될 수 있습니다.
E:\Study\학교 수업\그래픽스\BhProject 그래픽스\BhProject\main.cpp(548,13): warning C4244:  '인수': 'GLfloat'에서 'int'(으)로 변환하면서 데이터가 손실될 수 있습니다.
E:\Study\학교 수업\그래픽스\BhProject 그래픽스\BhProject\main.cpp(561,12): warning C4244:  '인수': 'double'에서 'GLfloat'(으)로 변환하면서 데이터가 손실될 수 있습니다.
E:\Study\학교 수업\그래픽스\BhProject 그래픽스\BhProject\main.cpp(562,26): warning C4244:  '인수': 'double'에서 'GLfloat'(으)로 변환하면서 데이터가 손실될 수 있습니다.
E:\Study\학교 수업\그래픽스\BhProject 그래픽스\BhProject\main.cpp(568,58): warning C4244:  '인수': 'double'에서 'GLfloat'(으)로 변환하면서 데이터가 손실될 수 있습니다.
E:\Study\학교 수업\그래픽스\BhProject 그래픽스\BhProject\main.cpp(568,40): warning C4244:  '인수': 'double'에서 'GLfloat'(으)로 변환하면서 데이터가 손실될 수 있습니다.
E:\Study\학교 수업\그래픽스\BhProject 그래픽스\BhProject\main.cpp(568,22): warning C4244:  '인수': 'double'에서 'GLfloat'(으)로 변환하면서 데이터가 손실될 수 있습니다.
E:\Study\학교 수업\그래픽스\BhProject 그래픽스\BhProject\main.cpp(596,18): warning C4244:  '인수': 'double'에서 'GLfloat'(으)로 변환하면서 데이터가 손실될 수 있습니다.
E:\Study\학교 수업\그래픽스\BhProject 그래픽스\BhProject\main.cpp(597,17): warning C4244:  '인수': 'double'에서 'GLfloat'(으)로 변환하면서 데이터가 손실될 수 있습니다.
E:\Study\학교 수업\그래픽스\BhProject 그래픽스\BhProject\main.cpp(598,33): warning C4305:  '인수': 'double'에서 'GLfloat'(으)로 잘립니다.
E:\Study\학교 수업\그래픽스\BhProject 그래픽스\BhProject\main.cpp(598,27): warning C4244:  '인수': 'double'에서 'GLfloat'(으)로 변환하면서 데이터가 손실될 수 있습니다.
E:\Study\학교 수업\그래픽스\BhProject 그래픽스\BhProject\main.cpp(599,38): warning C4244:  '인수': 'double'에서 'GLfloat'(으)로 변환하면서 데이터가 손실될 수 있습니다.
E:\Study\학교 수업\그래픽스\BhProject 그래픽스\BhProject\main.cpp(599,28): warning C4244:  '인수': 'double'에서 'GLfloat'(으)로 변환하면서 데이터가 손실될 수 있습니다.
E:\Study\학교 수업\그래픽스\BhProject 그래픽스\BhProject\main.cpp(599,18): warning C4244:  '인수': 'double'에서 'GLfloat'(으)로 변환하면서 데이터가 손실될 수 있습니다.
E:\Study\학교 수업\그래픽스\BhProject 그래픽스\BhProject\main.cpp(616,28): warning C4244:  '=': 'double'에서 'GLfloat'(으)로 변환하면서 데이터가 손실될 수 있습니다.
E:\Study\학교 수업\그래픽스\BhProject 그래픽스\BhProject\main.cpp(618,14): warning C4244:  '=': 'double'에서 'GLfloat'(으)로 변환하면서 데이터가 손실될 수 있습니다.
E:\Study\학교 수업\그래픽스\BhProject 그래픽스\BhProject\main.cpp(619,14): warning C4244:  '=': 'double'에서 'GLfloat'(으)로 변환하면서 데이터가 손실될 수 있습니다.
E:\Study\학교 수업\그래픽스\BhProject 그래픽스\BhProject\main.cpp(621,17): warning C4244:  '=': 'double'에서 'GLfloat'(으)로 변환하면서 데이터가 손실될 수 있습니다.
E:\Study\학교 수업\그래픽스\BhProject 그래픽스\BhProject\main.cpp(622,17): warning C4244:  '=': 'double'에서 'GLfloat'(으)로 변환하면서 데이터가 손실될 수 있습니다.
E:\Study\학교 수업\그래픽스\BhProject 그래픽스\BhProject\main.cpp(623,28): warning C4244:  '=': 'double'에서 'GLfloat'(으)로 변환하면서 데이터가 손실될 수 있습니다.
E:\Study\학교 수업\그래픽스\BhProject 그래픽스\BhProject\main.cpp(631,14): warning C4244:  '=': 'double'에서 'GLfloat'(으)로 변환하면서 데이터가 손실될 수 있습니다.
E:\Study\학교 수업\그래픽스\BhProject 그래픽스\BhProject\main.cpp(632,14): warning C4244:  '=': 'double'에서 'GLfloat'(으)로 변환하면서 데이터가 손실될 수 있습니다.
E:\Study\학교 수업\그래픽스\BhProject 그래픽스\BhProject\main.cpp(633,39): warning C4244:  '=': 'double'에서 'GLfloat'(으)로 변환하면서 데이터가 손실될 수 있습니다.
E:\Study\학교 수업\그래픽스\BhProject 그래픽스\BhProject\main.cpp(634,39): warning C4244:  '=': 'double'에서 'GLfloat'(으)로 변환하면서 데이터가 손실될 수 있습니다.
E:\Study\학교 수업\그래픽스\BhProject 그래픽스\BhProject\main.cpp(636,17): warning C4244:  '=': 'double'에서 'GLfloat'(으)로 변환하면서 데이터가 손실될 수 있습니다.
E:\Study\학교 수업\그래픽스\BhProject 그래픽스\BhProject\main.cpp(637,17): warning C4244:  '=': 'double'에서 'GLfloat'(으)로 변환하면서 데이터가 손실될 수 있습니다.
E:\Study\학교 수업\그래픽스\BhProject 그래픽스\BhProject\main.cpp(638,14): warning C4244:  '=': 'double'에서 'GLfloat'(으)로 변환하면서 데이터가 손실될 수 있습니다.
E:\Study\학교 수업\그래픽스\BhProject 그래픽스\BhProject\main.cpp(647,32): warning C4244:  '=': 'double'에서 'GLfloat'(으)로 변환하면서 데이터가 손실될 수 있습니다.
E:\Study\학교 수업\그래픽스\BhProject 그래픽스\BhProject\main.cpp(649,43): warning C4244:  '=': 'double'에서 'GLfloat'(으)로 변환하면서 데이터가 손실될 수 있습니다.
E:\Study\학교 수업\그래픽스\BhProject 그래픽스\BhProject\main.cpp(650,44): warning C4244:  '=': 'double'에서 'GLfloat'(으)로 변환하면서 데이터가 손실될 수 있습니다.
E:\Study\학교 수업\그래픽스\BhProject 그래픽스\BhProject\main.cpp(652,43): warning C4244:  '=': 'double'에서 'GLfloat'(으)로 변환하면서 데이터가 손실될 수 있습니다.
E:\Study\학교 수업\그래픽스\BhProject 그래픽스\BhProject\main.cpp(653,42): warning C4244:  '=': 'double'에서 'GLfloat'(으)로 변환하면서 데이터가 손실될 수 있습니다.
E:\Study\학교 수업\그래픽스\BhProject 그래픽스\BhProject\main.cpp(654,32): warning C4244:  '=': 'double'에서 'GLfloat'(으)로 변환하면서 데이터가 손실될 수 있습니다.
E:\Study\학교 수업\그래픽스\BhProject 그래픽스\BhProject\main.cpp(665,27): warning C4244:  '인수': 'double'에서 'GLfloat'(으)로 변환하면서 데이터가 손실될 수 있습니다.
E:\Study\학교 수업\그래픽스\BhProject 그래픽스\BhProject\main.cpp(667,27): warning C4244:  '인수': 'double'에서 'GLfloat'(으)로 변환하면서 데이터가 손실될 수 있습니다.
E:\Study\학교 수업\그래픽스\BhProject 그래픽스\BhProject\main.cpp(670,27): warning C4305:  '인수': 'double'에서 'GLfloat'(으)로 잘립니다.
E:\Study\학교 수업\그래픽스\BhProject 그래픽스\BhProject\main.cpp(671,22): warning C4244:  '인수': 'double'에서 'GLfloat'(으)로 변환하면서 데이터가 손실될 수 있습니다.
E:\Study\학교 수업\그래픽스\BhProject 그래픽스\BhProject\main.cpp(677,24): warning C4305:  '인수': 'double'에서 'GLfloat'(으)로 잘립니다.
E:\Study\학교 수업\그래픽스\BhProject 그래픽스\BhProject\main.cpp(687,16): warning C4244:  '인수': 'double'에서 'GLfloat'(으)로 변환하면서 데이터가 손실될 수 있습니다.
E:\Study\학교 수업\그래픽스\BhProject 그래픽스\BhProject\main.cpp(688,32): warning C4244:  '인수': 'double'에서 'GLfloat'(으)로 변환하면서 데이터가 손실될 수 있습니다.
E:\Study\학교 수업\그래픽스\BhProject 그래픽스\BhProject\main.cpp(691,10): warning C4244:  '=': 'double'에서 'float'(으)로 변환하면서 데이터가 손실될 수 있습니다.
E:\Study\학교 수업\그래픽스\BhProject 그래픽스\BhProject\main.cpp(695,29): warning C4305:  '인수': 'double'에서 'GLfloat'(으)로 잘립니다.
E:\Study\학교 수업\그래픽스\BhProject 그래픽스\BhProject\main.cpp(704,36): warning C4244:  '인수': 'double'에서 'GLfloat'(으)로 변환하면서 데이터가 손실될 수 있습니다.
E:\Study\학교 수업\그래픽스\BhProject 그래픽스\BhProject\main.cpp(706,39): warning C4244:  '인수': 'double'에서 'GLfloat'(으)로 변환하면서 데이터가 손실될 수 있습니다.
E:\Study\학교 수업\그래픽스\BhProject 그래픽스\BhProject\main.cpp(709,10): warning C4244:  '=': 'double'에서 'float'(으)로 변환하면서 데이터가 손실될 수 있습니다.
E:\Study\학교 수업\그래픽스\BhProject 그래픽스\BhProject\main.cpp(713,40): warning C4305:  '인수': 'double'에서 'GLfloat'(으)로 잘립니다.
E:\Study\학교 수업\그래픽스\BhProject 그래픽스\BhProject\main.cpp(713,20): warning C4244:  '인수': 'double'에서 'GLfloat'(으)로 변환하면서 데이터가 손실될 수 있습니다.
E:\Study\학교 수업\그래픽스\BhProject 그래픽스\BhProject\main.cpp(732,12): warning C4244:  '=': 'double'에서 'GLfloat'(으)로 변환하면서 데이터가 손실될 수 있습니다.
E:\Study\학교 수업\그래픽스\BhProject 그래픽스\BhProject\main.cpp(734,12): warning C4244:  '=': 'double'에서 'GLfloat'(으)로 변환하면서 데이터가 손실될 수 있습니다.
E:\Study\학교 수업\그래픽스\BhProject 그래픽스\BhProject\main.cpp(735,12): warning C4244:  '=': 'double'에서 'GLfloat'(으)로 변환하면서 데이터가 손실될 수 있습니다.
E:\Study\학교 수업\그래픽스\BhProject 그래픽스\BhProject\main.cpp(737,15): warning C4244:  '=': 'double'에서 'GLfloat'(으)로 변환하면서 데이터가 손실될 수 있습니다.
E:\Study\학교 수업\그래픽스\BhProject 그래픽스\BhProject\main.cpp(738,15): warning C4244:  '=': 'double'에서 'GLfloat'(으)로 변환하면서 데이터가 손실될 수 있습니다.
E:\Study\학교 수업\그래픽스\BhProject 그래픽스\BhProject\main.cpp(740,27): warning C4244:  '=': 'double'에서 'GLfloat'(으)로 변환하면서 데이터가 손실될 수 있습니다.
E:\Study\학교 수업\그래픽스\BhProject 그래픽스\BhProject\main.cpp(748,24): warning C4305:  '인수': 'double'에서 'GLfloat'(으)로 잘립니다.
E:\Study\학교 수업\그래픽스\BhProject 그래픽스\BhProject\main.cpp(755,27): warning C4305:  '인수': 'double'에서 'GLfloat'(으)로 잘립니다.
E:\Study\학교 수업\그래픽스\BhProject 그래픽스\BhProject\main.cpp(756,16): warning C4244:  '인수': 'double'에서 'GLfloat'(으)로 변환하면서 데이터가 손실될 수 있습니다.
E:\Study\학교 수업\그래픽스\BhProject 그래픽스\BhProject\main.cpp(762,16): warning C4244:  '인수': 'double'에서 'GLfloat'(으)로 변환하면서 데이터가 손실될 수 있습니다.
E:\Study\학교 수업\그래픽스\BhProject 그래픽스\BhProject\main.cpp(764,15): warning C4244:  '인수': 'double'에서 'GLfloat'(으)로 변환하면서 데이터가 손실될 수 있습니다.
E:\Study\학교 수업\그래픽스\BhProject 그래픽스\BhProject\main.cpp(768,39): warning C4305:  '인수': 'double'에서 'GLfloat'(으)로 잘립니다.
E:\Study\학교 수업\그래픽스\BhProject 그래픽스\BhProject\main.cpp(768,24): warning C4244:  '인수': 'double'에서 'GLfloat'(으)로 변환하면서 데이터가 손실될 수 있습니다.
E:\Study\학교 수업\그래픽스\BhProject 그래픽스\BhProject\main.cpp(774,13): warning C4244:  '인수': 'GLfloat'에서 'int'(으)로 변환하면서 데이터가 손실될 수 있습니다.
E:\Study\학교 수업\그래픽스\BhProject 그래픽스\BhProject\main.cpp(775,13): warning C4244:  '인수': 'GLfloat'에서 'int'(으)로 변환하면서 데이터가 손실될 수 있습니다.
E:\Study\학교 수업\그래픽스\BhProject 그래픽스\BhProject\main.cpp(776,13): warning C4244:  '인수': 'GLfloat'에서 'int'(으)로 변환하면서 데이터가 손실될 수 있습니다.
E:\Study\학교 수업\그래픽스\BhProject 그래픽스\BhProject\main.cpp(777,13): warning C4244:  '인수': 'GLfloat'에서 'int'(으)로 변환하면서 데이터가 손실될 수 있습니다.
E:\Study\학교 수업\그래픽스\BhProject 그래픽스\BhProject\main.cpp(778,12): warning C4244:  '인수': 'GLfloat'에서 'int'(으)로 변환하면서 데이터가 손실될 수 있습니다.
E:\Study\학교 수업\그래픽스\BhProject 그래픽스\BhProject\main.cpp(779,13): warning C4244:  '인수': 'GLfloat'에서 'int'(으)로 변환하면서 데이터가 손실될 수 있습니다.
E:\Study\학교 수업\그래픽스\BhProject 그래픽스\BhProject\main.cpp(780,12): warning C4244:  '인수': 'GLfloat'에서 'int'(으)로 변환하면서 데이터가 손실될 수 있습니다.
E:\Study\학교 수업\그래픽스\BhProject 그래픽스\BhProject\main.cpp(781,13): warning C4244:  '인수': 'GLfloat'에서 'int'(으)로 변환하면서 데이터가 손실될 수 있습니다.
E:\Study\학교 수업\그래픽스\BhProject 그래픽스\BhProject\main.cpp(783,25): warning C4244:  '인수': 'double'에서 'GLfloat'(으)로 변환하면서 데이터가 손실될 수 있습니다.
E:\Study\학교 수업\그래픽스\BhProject 그래픽스\BhProject\main.cpp(784,24): warning C4305:  '인수': 'double'에서 'GLfloat'(으)로 잘립니다.
  BhProject.vcxproj -> E:\Study\학교 수업\그래픽스\BhProject 그래픽스\Debug\BhProject.exe
