c:\users\administrator\desktop\bhzzang\bhzzang\debug\bhzzang.pch
c:\users\administrator\desktop\bhzzang\bhzzang\debug\vc140.pdb
c:\users\administrator\desktop\bhzzang\bhzzang\debug\vc140.idb
c:\users\administrator\desktop\bhzzang\bhzzang\debug\stdafx.obj
c:\users\administrator\desktop\bhzzang\bhzzang\debug\mainfrm.obj
c:\users\administrator\desktop\bhzzang\bhzzang\debug\bhzzangdoc.obj
c:\users\administrator\desktop\bhzzang\bhzzang\debug\bhzzang.obj
c:\users\administrator\desktop\bhzzang\bhzzang\debug\bhzzangview.obj
c:\users\administrator\desktop\bhzzang\bhzzang\debug\infoview.obj
c:\users\administrator\desktop\bhzzang\bhzzang\debug\mydialog.obj
c:\users\administrator\desktop\bhzzang\debug\bhzzang.ilk
c:\users\administrator\desktop\bhzzang\debug\bhzzang.exe
c:\users\administrator\desktop\bhzzang\debug\bhzzang.pdb
c:\users\administrator\desktop\bhzzang\bhzzang\debug\bhzzang.res
c:\users\administrator\desktop\bhzzang\bhzzang\debug\bhzzang.tlog\cl.command.1.tlog
c:\users\administrator\desktop\bhzzang\bhzzang\debug\bhzzang.tlog\cl.read.1.tlog
c:\users\administrator\desktop\bhzzang\bhzzang\debug\bhzzang.tlog\cl.write.1.tlog
c:\users\administrator\desktop\bhzzang\bhzzang\debug\bhzzang.tlog\link.command.1.tlog
c:\users\administrator\desktop\bhzzang\bhzzang\debug\bhzzang.tlog\link.read.1.tlog
c:\users\administrator\desktop\bhzzang\bhzzang\debug\bhzzang.tlog\link.write.1.tlog
c:\users\administrator\desktop\bhzzang\bhzzang\debug\bhzzang.tlog\rc.command.1.tlog
c:\users\administrator\desktop\bhzzang\bhzzang\debug\bhzzang.tlog\rc.read.1.tlog
c:\users\administrator\desktop\bhzzang\bhzzang\debug\bhzzang.tlog\rc.write.1.tlog
